c:\users\david\source\repos\chess_org\chess_org\x64\debug\vc142.pdb
c:\users\david\source\repos\chess_org\chess_org\x64\debug\vc142.idb
c:\users\david\source\repos\chess_org\chess_org\x64\debug\main.obj
c:\users\david\source\repos\chess_org\chess_org\x64\debug\piece.obj
c:\users\david\source\repos\chess_org\chess_org\x64\debug\tile.obj
c:\users\david\source\repos\chess_org\chess_org\x64\debug\specialmovements.obj
c:\users\david\source\repos\chess_org\chess_org\x64\debug\movements.obj
c:\users\david\source\repos\chess_org\chess_org\x64\debug\captures.obj
c:\users\david\source\repos\chess_org\chess_org\x64\debug\ambiguousmovements.obj
c:\users\david\source\repos\chess_org\chess_org\x64\debug\ambiguouscaptures.obj
c:\users\david\source\repos\chess_org\chess_org\x64\debug\board.obj
c:\users\david\source\repos\chess_org\chess_org\x64\debug\application.obj
c:\users\david\source\repos\chess_org\x64\debug\chess.exe
c:\users\david\source\repos\chess_org\x64\debug\chess.ilk
c:\users\david\source\repos\chess_org\x64\debug\chess.pdb
c:\users\david\source\repos\chess_org\chess_org\x64\debug\chess.tlog\cl.command.1.tlog
c:\users\david\source\repos\chess_org\chess_org\x64\debug\chess.tlog\cl.read.1.tlog
c:\users\david\source\repos\chess_org\chess_org\x64\debug\chess.tlog\cl.write.1.tlog
c:\users\david\source\repos\chess_org\chess_org\x64\debug\chess.tlog\link.command.1.tlog
c:\users\david\source\repos\chess_org\chess_org\x64\debug\chess.tlog\link.read.1.tlog
c:\users\david\source\repos\chess_org\chess_org\x64\debug\chess.tlog\link.write.1.tlog
